<?xml version="1.0" encoding="UTF-8"?>
<coverage generated="1651819940910" clover="3.2.0">
  <project timestamp="1651819940911" name="All files">
    <metrics statements="12" coveredstatements="12" conditionals="0" coveredconditionals="0" methods="5" coveredmethods="5" elements="17" coveredelements="17" complexity="0" loc="12" ncloc="12" packages="1" files="4" classes="4"/>
    <file name="addTask.js" path="C:\Users\Jamila\Desktop\Microverse Git\To-Do-List\src\modules\addTask.js">
      <metrics statements="3" coveredstatements="3" conditionals="0" coveredconditionals="0" methods="1" coveredmethods="1"/>
      <line num="2" count="1" type="stmt"/>
      <line num="3" count="1" type="stmt"/>
      <line num="6" count="1" type="stmt"/>
    </file>
    <file name="clearCompleted.js" path="C:\Users\Jamila\Desktop\Microverse Git\To-Do-List\src\modules\clearCompleted.js">
      <metrics statements="3" coveredstatements="3" conditionals="0" coveredconditionals="0" methods="2" coveredmethods="2"/>
      <line num="2" count="3" type="stmt"/>
      <line num="3" count="1" type="stmt"/>
      <line num="5" count="1" type="stmt"/>
    </file>
    <file name="editTask.js" path="C:\Users\Jamila\Desktop\Microverse Git\To-Do-List\src\modules\editTask.js">
      <metrics statements="3" coveredstatements="3" conditionals="0" coveredconditionals="0" methods="1" coveredmethods="1"/>
      <line num="2" count="1" type="stmt"/>
      <line num="3" count="1" type="stmt"/>
      <line num="6" count="1" type="stmt"/>
    </file>
    <file name="updateCompletedData.js" path="C:\Users\Jamila\Desktop\Microverse Git\To-Do-List\src\modules\updateCompletedData.js">
      <metrics statements="3" coveredstatements="3" conditionals="0" coveredconditionals="0" methods="1" coveredmethods="1"/>
      <line num="3" count="1" type="stmt"/>
      <line num="4" count="1" type="stmt"/>
      <line num="7" count="1" type="stmt"/>
    </file>
  </project>
</coverage>
