{"C:\\Users\\Jamila\\Desktop\\Microverse Git\\To-Do-List\\src\\modules\\addTask.js": {"path":"C:\\Users\\Jamila\\Desktop\\Microverse Git\\To-Do-List\\src\\modules\\addTask.js","statementMap":{"0":{"start":{"line":2,"column":2},"end":{"line":2,"column":30}},"1":{"start":{"line":3,"column":2},"end":{"line":3,"column":21}},"2":{"start":{"line":6,"column":0},"end":{"line":6,"column":25}}},"fnMap":{"0":{"name":"addTask","decl":{"start":{"line":1,"column":9},"end":{"line":1,"column":16}},"loc":{"start":{"line":1,"column":41},"end":{"line":4,"column":1}},"line":1}},"branchMap":{},"s":{"0":1,"1":1,"2":1},"f":{"0":1},"b":{},"_coverageSchema":"1a1c01bbd47fc00a2c39e90264f33305004495a9","hash":"6300fa6314b3fff0474fbe8a835cf8a62f822976"}
,"C:\\Users\\Jamila\\Desktop\\Microverse Git\\To-Do-List\\src\\modules\\clearCompleted.js": {"path":"C:\\Users\\Jamila\\Desktop\\Microverse Git\\To-Do-List\\src\\modules\\clearCompleted.js","statementMap":{"0":{"start":{"line":2,"column":21},"end":{"line":2,"column":84}},"1":{"start":{"line":2,"column":51},"end":{"line":2,"column":83}},"2":{"start":{"line":3,"column":2},"end":{"line":3,"column":20}},"3":{"start":{"line":5,"column":0},"end":{"line":5,"column":32}}},"fnMap":{"0":{"name":"clearCompleted","decl":{"start":{"line":1,"column":9},"end":{"line":1,"column":23}},"loc":{"start":{"line":1,"column":30},"end":{"line":4,"column":1}},"line":1},"1":{"name":"(anonymous_1)","decl":{"start":{"line":2,"column":33},"end":{"line":2,"column":34}},"loc":{"start":{"line":2,"column":51},"end":{"line":2,"column":83}},"line":2}},"branchMap":{},"s":{"0":1,"1":3,"2":1,"3":1},"f":{"0":1,"1":3},"b":{},"_coverageSchema":"1a1c01bbd47fc00a2c39e90264f33305004495a9","hash":"d0187137a9ca939f6c0a04088cfad2fa81bcc3d3"}
,"C:\\Users\\Jamila\\Desktop\\Microverse Git\\To-Do-List\\src\\modules\\editTask.js": {"path":"C:\\Users\\Jamila\\Desktop\\Microverse Git\\To-Do-List\\src\\modules\\editTask.js","statementMap":{"0":{"start":{"line":2,"column":2},"end":{"line":2,"column":35}},"1":{"start":{"line":3,"column":2},"end":{"line":3,"column":17}},"2":{"start":{"line":6,"column":0},"end":{"line":6,"column":26}}},"fnMap":{"0":{"name":"editTask","decl":{"start":{"line":1,"column":9},"end":{"line":1,"column":17}},"loc":{"start":{"line":1,"column":39},"end":{"line":4,"column":1}},"line":1}},"branchMap":{},"s":{"0":1,"1":1,"2":1},"f":{"0":1},"b":{},"_coverageSchema":"1a1c01bbd47fc00a2c39e90264f33305004495a9","hash":"be614d8c37b9e157380cf38c9e0be1c0557e566c"}
,"C:\\Users\\Jamila\\Desktop\\Microverse Git\\To-Do-List\\src\\modules\\updateCompletedData.js": {"path":"C:\\Users\\Jamila\\Desktop\\Microverse Git\\To-Do-List\\src\\modules\\updateCompletedData.js","statementMap":{"0":{"start":{"line":3,"column":2},"end":{"line":3,"column":46}},"1":{"start":{"line":4,"column":2},"end":{"line":4,"column":14}},"2":{"start":{"line":7,"column":0},"end":{"line":7,"column":37}}},"fnMap":{"0":{"name":"updateCompletedData","decl":{"start":{"line":2,"column":9},"end":{"line":2,"column":28}},"loc":{"start":{"line":2,"column":63},"end":{"line":5,"column":1}},"line":2}},"branchMap":{},"s":{"0":1,"1":1,"2":1},"f":{"0":1},"b":{},"_coverageSchema":"1a1c01bbd47fc00a2c39e90264f33305004495a9","hash":"70d18032cd63984fb43ed1520ab6fdf79dd3f89a"}
}
