TN:
SF:src\modules\addTask.js
FN:1,addTask
FNF:1
FNH:1
FNDA:1,addTask
DA:2,1
DA:3,1
DA:6,1
LF:3
LH:3
BRF:0
BRH:0
end_of_record
TN:
SF:src\modules\clearCompleted.js
FN:1,clearCompleted
FN:2,(anonymous_1)
FNF:2
FNH:2
FNDA:1,clearCompleted
FNDA:3,(anonymous_1)
DA:2,3
DA:3,1
DA:5,1
LF:3
LH:3
BRF:0
BRH:0
end_of_record
TN:
SF:src\modules\editTask.js
FN:1,editTask
FNF:1
FNH:1
FNDA:1,editTask
DA:2,1
DA:3,1
DA:6,1
LF:3
LH:3
BRF:0
BRH:0
end_of_record
TN:
SF:src\modules\updateCompletedData.js
FN:2,updateCompletedData
FNF:1
FNH:1
FNDA:1,updateCompletedData
DA:3,1
DA:4,1
DA:7,1
LF:3
LH:3
BRF:0
BRH:0
end_of_record
